2018-02-10 16:34:10,407  INFO MainAplication:48 - Starting MainAplication on LAPTOP-BI462BS3 with PID 42048 (F:\lvyou\target\classes started by 凉风袭来 in F:\lvyou)
2018-02-10 16:34:10,424 DEBUG MainAplication:51 - Running with Spring Boot v1.3.2.RELEASE, Spring v4.2.4.RELEASE
2018-02-10 16:34:10,425  INFO MainAplication:666 - No active profile set, falling back to default profiles: default
2018-02-10 16:34:10,626  INFO Version:17 - HV000001: Hibernate Validator 5.2.2.Final
2018-02-10 16:34:10,634  INFO AnnotationConfigEmbeddedWebApplicationContext:578 - Refreshing org.springframework.boot.context.embedded.AnnotationConfigEmbeddedWebApplicationContext@6c1196: startup date [Sat Feb 10 16:34:10 CST 2018]; root of context hierarchy
2018-02-10 16:34:11,764  INFO PostProcessorRegistrationDelegate$BeanPostProcessorChecker:328 - Bean 'org.springframework.transaction.annotation.ProxyTransactionManagementConfiguration' of type [class org.springframework.transaction.annotation.ProxyTransactionManagementConfiguration$$EnhancerBySpringCGLIB$$6f8eeb86] is not eligible for getting processed by all BeanPostProcessors (for example: not eligible for auto-proxying)
2018-02-10 16:34:12,342  INFO TomcatEmbeddedServletContainer:81 - Tomcat initialized with port(s): 8080 (http)
2018-02-10 16:34:12,351  INFO StandardService:180 - Starting service Tomcat
2018-02-10 16:34:12,351  INFO StandardEngine:180 - Starting Servlet Engine: Apache Tomcat/8.0.30
2018-02-10 16:34:12,410  INFO [/]:180 - Initializing Spring embedded WebApplicationContext
2018-02-10 16:34:12,410  INFO ContextLoader:272 - Root WebApplicationContext: initialization completed in 1783 ms
2018-02-10 16:34:12,689  INFO ServletRegistrationBean:189 - Mapping servlet: 'dispatcherServlet' to [/]
2018-02-10 16:34:12,692  INFO FilterRegistrationBean:258 - Mapping filter: 'characterEncodingFilter' to: [/*]
2018-02-10 16:34:12,693  INFO FilterRegistrationBean:258 - Mapping filter: 'hiddenHttpMethodFilter' to: [/*]
2018-02-10 16:34:12,693  INFO FilterRegistrationBean:258 - Mapping filter: 'httpPutFormContentFilter' to: [/*]
2018-02-10 16:34:12,693  INFO FilterRegistrationBean:258 - Mapping filter: 'requestContextFilter' to: [/*]
2018-02-10 16:34:13,288  INFO RequestMappingHandlerAdapter:532 - Looking for @ControllerAdvice: org.springframework.boot.context.embedded.AnnotationConfigEmbeddedWebApplicationContext@6c1196: startup date [Sat Feb 10 16:34:10 CST 2018]; root of context hierarchy
2018-02-10 16:34:13,331  INFO RequestMappingHandlerMapping:527 - Mapped "{[/oprateSystem/flight/query]}" onto public java.lang.String com.liang.web.FightController.queryFight(java.lang.Integer,org.springframework.ui.Model)
2018-02-10 16:34:13,332  INFO RequestMappingHandlerMapping:527 - Mapped "{[/oprateSystem/flight/update],methods=[POST]}" onto public java.lang.String com.liang.web.FightController.updateFight(com.liang.model.Flight,org.springframework.ui.Model,javax.servlet.http.HttpServletResponse) throws java.lang.Exception
2018-02-10 16:34:13,332  INFO RequestMappingHandlerMapping:527 - Mapped "{[/oprateSystem/flight/delete],methods=[POST]}" onto public java.lang.String com.liang.web.FightController.deleteFight(com.liang.model.Flight,org.springframework.ui.Model,javax.servlet.http.HttpServletResponse) throws java.lang.Exception
2018-02-10 16:34:13,332  INFO RequestMappingHandlerMapping:527 - Mapped "{[/oprateSystem/flight/insert],methods=[POST]}" onto public void com.liang.web.FightController.insertFight(com.liang.model.Flight,org.springframework.ui.Model,javax.servlet.http.HttpServletResponse) throws java.lang.Exception
2018-02-10 16:34:13,333  INFO RequestMappingHandlerMapping:527 - Mapped "{[/oprateSystem/flight/beforUpdate],methods=[POST]}" onto public java.lang.String com.liang.web.FightController.beforUpdate(com.liang.model.Flight,org.springframework.ui.Model,javax.servlet.http.HttpServletResponse) throws java.lang.Exception
2018-02-10 16:34:13,335  INFO RequestMappingHandlerMapping:527 - Mapped "{[/oprateSystem/hotel/query]}" onto public java.lang.String com.liang.web.HotelController.queryFight(java.lang.Integer,org.springframework.ui.Model)
2018-02-10 16:34:13,336  INFO RequestMappingHandlerMapping:527 - Mapped "{[/oprateSystem/hotel/update],methods=[POST]}" onto public java.lang.String com.liang.web.HotelController.updateFight(com.liang.model.Hotel,org.springframework.ui.Model,javax.servlet.http.HttpServletResponse) throws java.lang.Exception
2018-02-10 16:34:13,336  INFO RequestMappingHandlerMapping:527 - Mapped "{[/oprateSystem/hotel/delete],methods=[POST]}" onto public java.lang.String com.liang.web.HotelController.deleteFight(com.liang.model.Hotel,org.springframework.ui.Model,javax.servlet.http.HttpServletResponse) throws java.lang.Exception
2018-02-10 16:34:13,336  INFO RequestMappingHandlerMapping:527 - Mapped "{[/oprateSystem/hotel/insert],methods=[POST]}" onto public void com.liang.web.HotelController.insertFight(com.liang.model.Hotel,org.springframework.ui.Model,javax.servlet.http.HttpServletResponse) throws java.lang.Exception
2018-02-10 16:34:13,336  INFO RequestMappingHandlerMapping:527 - Mapped "{[/oprateSystem/hotel/beforUpdate],methods=[POST]}" onto public java.lang.String com.liang.web.HotelController.beforUpdate(com.liang.model.Hotel,org.springframework.ui.Model,javax.servlet.http.HttpServletResponse) throws java.lang.Exception
2018-02-10 16:34:13,337  INFO RequestMappingHandlerMapping:527 - Mapped "{[/myself/liang],methods=[GET]}" onto public java.lang.String com.liang.web.LiangControl.delMyOrder(java.lang.Integer,org.springframework.ui.Model)
2018-02-10 16:34:13,338  INFO RequestMappingHandlerMapping:527 - Mapped "{[/index]}" onto public java.lang.String com.liang.web.LoginController.index(java.lang.String,org.springframework.ui.Model)
2018-02-10 16:34:13,338  INFO RequestMappingHandlerMapping:527 - Mapped "{[/]}" onto public java.lang.String com.liang.web.LoginController.welcome()
2018-02-10 16:34:13,338  INFO RequestMappingHandlerMapping:527 - Mapped "{[/login]}" onto public java.lang.String com.liang.web.LoginController.userLogin(com.liang.model.JourneyUser,org.springframework.ui.Model) throws java.lang.Exception
2018-02-10 16:34:13,338  INFO RequestMappingHandlerMapping:527 - Mapped "{[/signup]}" onto public java.lang.String com.liang.web.LoginController.signUp()
2018-02-10 16:34:13,339  INFO RequestMappingHandlerMapping:527 - Mapped "{[/dealsignup],methods=[POST]}" onto public java.lang.String com.liang.web.LoginController.dealSignup(com.liang.model.JourneyUser,org.springframework.ui.Model)
2018-02-10 16:34:13,339  INFO RequestMappingHandlerMapping:527 - Mapped "{[/oprateSystem/goto]}" onto public java.lang.String com.liang.web.OperateController.index(java.lang.Integer,org.springframework.ui.Model)
2018-02-10 16:34:13,340  INFO RequestMappingHandlerMapping:527 - Mapped "{[/flight]}" onto public java.lang.String com.liang.web.OrderControl.index(java.lang.Integer,org.springframework.ui.Model,javax.servlet.http.HttpServletRequest)
2018-02-10 16:34:13,341  INFO RequestMappingHandlerMapping:527 - Mapped "{[/hotel]}" onto public java.lang.String com.liang.web.OrderControl.index1(java.lang.Integer,org.springframework.ui.Model,javax.servlet.http.HttpServletRequest)
2018-02-10 16:34:13,341  INFO RequestMappingHandlerMapping:527 - Mapped "{[/transfor]}" onto public java.lang.String com.liang.web.OrderControl.index2(java.lang.Integer,org.springframework.ui.Model,javax.servlet.http.HttpServletRequest)
2018-02-10 16:34:13,341  INFO RequestMappingHandlerMapping:527 - Mapped "{[/orderflight]}" onto public void com.liang.web.OrderControl.orderFlight(com.liang.model.Flight,com.liang.model.JourneyUser,org.springframework.ui.Model,javax.servlet.http.HttpServletResponse) throws java.lang.Exception
2018-02-10 16:34:13,341  INFO RequestMappingHandlerMapping:527 - Mapped "{[/orderhotel]}" onto public void com.liang.web.OrderControl.orderHotel(com.liang.model.Hotel,com.liang.model.JourneyUser,org.springframework.ui.Model,javax.servlet.http.HttpServletResponse) throws java.lang.Exception
2018-02-10 16:34:13,342  INFO RequestMappingHandlerMapping:527 - Mapped "{[/ordertransfor]}" onto public void com.liang.web.OrderControl.orderTransfor(com.liang.model.Transfor,com.liang.model.JourneyUser,org.springframework.ui.Model,javax.servlet.http.HttpServletResponse) throws java.lang.Exception
2018-02-10 16:34:13,343  INFO RequestMappingHandlerMapping:527 - Mapped "{[/oprateSystem/transfor/query]}" onto public java.lang.String com.liang.web.TransforController.queryFight(java.lang.Integer,org.springframework.ui.Model)
2018-02-10 16:34:13,343  INFO RequestMappingHandlerMapping:527 - Mapped "{[/oprateSystem/transfor/update],methods=[POST]}" onto public java.lang.String com.liang.web.TransforController.updateFight(com.liang.model.Transfor,org.springframework.ui.Model,javax.servlet.http.HttpServletResponse) throws java.lang.Exception
2018-02-10 16:34:13,343  INFO RequestMappingHandlerMapping:527 - Mapped "{[/oprateSystem/transfor/delete],methods=[POST]}" onto public java.lang.String com.liang.web.TransforController.deleteFight(com.liang.model.Transfor,org.springframework.ui.Model,javax.servlet.http.HttpServletResponse) throws java.lang.Exception
2018-02-10 16:34:13,344  INFO RequestMappingHandlerMapping:527 - Mapped "{[/oprateSystem/transfor/insert],methods=[POST]}" onto public void com.liang.web.TransforController.insertFight(com.liang.model.Transfor,org.springframework.ui.Model,javax.servlet.http.HttpServletResponse) throws java.lang.Exception
2018-02-10 16:34:13,344  INFO RequestMappingHandlerMapping:527 - Mapped "{[/oprateSystem/transfor/beforUpdate],methods=[POST]}" onto public java.lang.String com.liang.web.TransforController.beforUpdate(com.liang.model.Transfor,org.springframework.ui.Model,javax.servlet.http.HttpServletResponse) throws java.lang.Exception
2018-02-10 16:34:13,345  INFO RequestMappingHandlerMapping:527 - Mapped "{[/error]}" onto public org.springframework.http.ResponseEntity<java.util.Map<java.lang.String, java.lang.Object>> org.springframework.boot.autoconfigure.web.BasicErrorController.error(javax.servlet.http.HttpServletRequest)
2018-02-10 16:34:13,346  INFO RequestMappingHandlerMapping:527 - Mapped "{[/error],produces=[text/html]}" onto public org.springframework.web.servlet.ModelAndView org.springframework.boot.autoconfigure.web.BasicErrorController.errorHtml(javax.servlet.http.HttpServletRequest,javax.servlet.http.HttpServletResponse)
2018-02-10 16:34:13,373  INFO SimpleUrlHandlerMapping:341 - Mapped URL path [/webjars/**] onto handler of type [class org.springframework.web.servlet.resource.ResourceHttpRequestHandler]
2018-02-10 16:34:13,373  INFO SimpleUrlHandlerMapping:341 - Mapped URL path [/**] onto handler of type [class org.springframework.web.servlet.resource.ResourceHttpRequestHandler]
2018-02-10 16:34:13,389  INFO ExceptionHandlerExceptionResolver:267 - Detected @ExceptionHandler methods in exceptionHand
2018-02-10 16:34:13,405  INFO SimpleUrlHandlerMapping:341 - Mapped URL path [/**/favicon.ico] onto handler of type [class org.springframework.web.servlet.resource.ResourceHttpRequestHandler]
2018-02-10 16:34:13,761  INFO OptionalLiveReloadServer:58 - LiveReload server is running on port 35729
2018-02-10 16:34:13,791  INFO AnnotationMBeanExporter:431 - Registering beans for JMX exposure on startup
2018-02-10 16:34:13,809  INFO Http11NioProtocol:180 - Initializing ProtocolHandler ["http-nio-8080"]
2018-02-10 16:34:13,813  INFO Http11NioProtocol:180 - Starting ProtocolHandler ["http-nio-8080"]
2018-02-10 16:34:13,824  INFO NioSelectorPool:180 - Using a shared selector for servlet write/read
2018-02-10 16:34:13,836  INFO TomcatEmbeddedServletContainer:162 - Tomcat started on port(s): 8080 (http)
2018-02-10 16:34:13,840  INFO MainAplication:57 - Started MainAplication in 3.633 seconds (JVM running for 4.287)
2018-02-10 16:34:24,312  INFO [/]:180 - Initializing Spring FrameworkServlet 'dispatcherServlet'
2018-02-10 16:34:24,312  INFO DispatcherServlet:489 - FrameworkServlet 'dispatcherServlet': initialization started
2018-02-10 16:34:24,327  INFO DispatcherServlet:508 - FrameworkServlet 'dispatcherServlet': initialization completed in 15 ms
2018-02-10 16:34:24,348  INFO WebLogAspect:40 - url:/
2018-02-10 16:34:24,349  INFO WebLogAspect:41 - IP:0:0:0:0:0:0:0:1
2018-02-10 16:34:24,349  INFO WebLogAspect:42 - http_method:GET
2018-02-10 16:34:24,351  INFO WebLogAspect:43 - class_method:com.liang.web.LoginController.welcome
2018-02-10 16:34:24,353  INFO WebLogAspect:44 - Args:[]
2018-02-10 16:34:24,357  INFO WebLogAspect:65 - RESPONSE : index
2018-02-10 16:34:24,370  INFO TemplateEngine:825 - [THYMELEAF] INITIALIZING TEMPLATE ENGINE
2018-02-10 16:34:24,398  INFO AbstractTemplateResolver:99 - [THYMELEAF] INITIALIZING TEMPLATE RESOLVER: org.thymeleaf.templateresolver.TemplateResolver
2018-02-10 16:34:24,398  INFO AbstractTemplateResolver:110 - [THYMELEAF] TEMPLATE RESOLVER INITIALIZED OK
2018-02-10 16:34:24,398  INFO AbstractMessageResolver:72 - [THYMELEAF] INITIALIZING MESSAGE RESOLVER: org.thymeleaf.spring4.messageresolver.SpringMessageResolver
2018-02-10 16:34:24,398  INFO AbstractMessageResolver:78 - [THYMELEAF] MESSAGE RESOLVER INITIALIZED OK
2018-02-10 16:34:24,401  INFO CONFIG:123 - [THYMELEAF] TEMPLATE ENGINE CONFIGURATION:
[THYMELEAF] * Cache Factory implementation: org.thymeleaf.cache.StandardCacheManager
[THYMELEAF] * Template modes:
[THYMELEAF]     * VALIDXML
[THYMELEAF]     * XHTML
[THYMELEAF]     * VALIDXHTML
[THYMELEAF]     * HTML5
[THYMELEAF]     * XML
[THYMELEAF]     * LEGACYHTML5
[THYMELEAF] * Template resolvers (in order):
[THYMELEAF]     * org.thymeleaf.templateresolver.TemplateResolver
[THYMELEAF] * Message resolvers (in order):
[THYMELEAF]     * org.thymeleaf.spring4.messageresolver.SpringMessageResolver
[THYMELEAF] * Dialect [1 of 2]: org.thymeleaf.spring4.dialect.SpringStandardDialect
[THYMELEAF]     * Prefix: "th"
[THYMELEAF] * Dialect [2 of 2]: nz.net.ultraq.thymeleaf.LayoutDialect
[THYMELEAF]     * Prefix: "layout"
[THYMELEAF] TEMPLATE ENGINE CONFIGURED OK
2018-02-10 16:34:24,401  INFO TemplateEngine:838 - [THYMELEAF] TEMPLATE ENGINE INITIALIZED
2018-02-10 16:34:48,470  INFO WebLogAspect:40 - url:/login
2018-02-10 16:34:48,471  INFO WebLogAspect:41 - IP:0:0:0:0:0:0:0:1
2018-02-10 16:34:48,471  INFO WebLogAspect:42 - http_method:POST
2018-02-10 16:34:48,472  INFO WebLogAspect:43 - class_method:com.liang.web.LoginController.userLogin
2018-02-10 16:34:48,472  INFO WebLogAspect:44 - Args:[JourneyUser [Hash = -1056234195, userid=null, username=冯3, sex=null, age=null, identifyno=null, phone=null, password=123, serialVersionUID=1], {journeyUser=JourneyUser [Hash = -1056234195, userid=null, username=冯3, sex=null, age=null, identifyno=null, phone=null, password=123, serialVersionUID=1], org.springframework.validation.BindingResult.journeyUser=org.springframework.validation.BeanPropertyBindingResult: 0 errors}]
2018-02-10 16:34:48,848 DEBUG selectByName:145 - ==>  Preparing: select userId, userName, sex, age, identifyNo, phone, password from journeyuser where userName = ? 
2018-02-10 16:34:48,859 DEBUG selectByName:145 - ==> Parameters: 冯3(String)
2018-02-10 16:34:48,912 DEBUG selectByName:145 - <==      Total: 1
2018-02-10 16:34:48,914 DEBUG selectByName:145 - ==>  Preparing: select userId, userName, sex, age, identifyNo, phone, password from journeyuser where userName = ? 
2018-02-10 16:34:48,915 DEBUG selectByName:145 - ==> Parameters: 冯3(String)
2018-02-10 16:34:48,916 DEBUG selectByName:145 - <==      Total: 1
2018-02-10 16:34:48,917  INFO WebLogAspect:65 - RESPONSE : userFront
2018-02-10 16:34:53,432  INFO WebLogAspect:40 - url:/flight
2018-02-10 16:34:53,433  INFO WebLogAspect:41 - IP:0:0:0:0:0:0:0:1
2018-02-10 16:34:53,433  INFO WebLogAspect:42 - http_method:GET
2018-02-10 16:34:53,433  INFO WebLogAspect:43 - class_method:com.liang.web.OrderControl.index
2018-02-10 16:34:53,433  INFO WebLogAspect:44 - Args:[10, {}, org.apache.catalina.connector.RequestFacade@25a91178]
2018-02-10 16:34:53,438 DEBUG selectByPrimaryKey:145 - ==>  Preparing: select userId, userName, sex, age, identifyNo, phone, password from journeyuser where userId = ? 
2018-02-10 16:34:53,440 DEBUG selectByPrimaryKey:145 - ==> Parameters: 10(Integer)
2018-02-10 16:34:53,512 DEBUG selectByPrimaryKey:145 - <==      Total: 1
2018-02-10 16:34:53,513 DEBUG selectAll:145 - ==>  Preparing: select flightNum, flightPrice, numSeats, flightnumAvail, flyDate, flyfromCity, flytoCity from flight 
2018-02-10 16:34:53,513 DEBUG selectAll:145 - ==> Parameters: 
2018-02-10 16:34:53,518 DEBUG selectAll:145 - <==      Total: 6
2018-02-10 16:34:53,519  INFO WebLogAspect:65 - RESPONSE : flight/flightInfo
